<?xml version="1.0" encoding="utf-8"?>
<shfbBuild product="Sandcastle Help File Builder" version="2015.1.12.0" projectFile="C:\Users\Тито\Desktop\SandCastle\NamingIdentifiers\Documentation\DocumentationOfStringExtensions.shfbproj" started="05/07/2015 00:29:01">
<buildStep step="Initializing">
Finding tools...
The Sandcastle tools are located in &#39;c:\Program Files (x86)\EWSoftware\Sandcastle Help File Builder\&#39;
Locating components in the following folder(s):
   C:\Users\Тито\Desktop\SandCastle\NamingIdentifiers\Documentation
Using presentation style &#39;OpenXML&#39; located in &#39;c:\Program Files (x86)\EWSoftware\Sandcastle Help File Builder\PresentationStyles\OpenXML&#39;
</buildStep>
<buildStep step="ValidatingDocumentationSources">
Validating and copying documentation source information
Source: C:\Users\Тито\Desktop\SandCastle\DocumentationOfTheCode\DocumentationOfTheCode\bin\Debug\DocumentationOfTheCode.exe
    Found assembly &#39;C:\Users\Тито\Desktop\SandCastle\DocumentationOfTheCode\DocumentationOfTheCode\bin\Debug\DocumentationOfTheCode.exe&#39;
Source: C:\Users\Тито\Desktop\SandCastle\DocumentationOfTheCode\DocumentationOfTheCode\bin\Debug\DocumentationOfTheCode.xml

Copying XML comments files
    C:\Users\Тито\Desktop\SandCastle\DocumentationOfTheCode\DocumentationOfTheCode\bin\Debug\DocumentationOfTheCode.XML -&gt; C:\Users\Тито\Desktop\SandCastle\NamingIdentifiers\Documentation\Help\Working\DocumentationOfTheCode.XML
</buildStep>
<buildStep step="GenerateSharedContent">
Generating shared content files (en-US, English (United States))...
    Last step completed in 00:00:00.0920
</buildStep>
<buildStep step="GenerateApiFilter">
Generating API filter for MRefBuilder...
    Last step completed in 00:00:00.0100
</buildStep>
<buildStep step="GenerateReflectionInfo">
Generating reflection information...
[C:\Windows\Microsoft.NET\Framework64\v4.0.30319\MSBuild.exe]
Build started 05/07/2015 00:29:02.
Project &quot;C:\Users\’Ёв&#174;\Desktop\SandCastle\NamingIdentifiers\Documentation\Help\Working\GenerateRefInfo.proj&quot; on node 1 (default targets).
PrepareForBuild:
  Creating directory &quot;obj\Debug\&quot;.
GenerateRefInfo:
  MRefBuilder (v2015.1.12.0)
  Copyright c 2006-2015, Microsoft Corporation, All Rights Reserved.
  Portions Copyright c 2006-2014, Eric Woodruff, All Rights Reserved.
  Loaded 1 assemblies for reflection and 1 dependency assemblies.
  Wrote information on 1 namespaces, 2 types, and 17 members
  Copying file from &quot;reflection.org&quot; to &quot;reflection.all&quot;.
  XslTransform (v2015.1.12.0)
  Copyright c 2006-2015, Microsoft Corporation, All Rights Reserved.
  Portions Copyright c 2006-2014, Eric Woodruff, All Rights Reserved.
  Applying XSL transformation &#39;c:\Program Files (x86)\EWSoftware\Sandcastle Help File Builder\ProductionTransforms\MergeDuplicates.xsl&#39;.
Done Building Project &quot;C:\Users\’Ёв&#174;\Desktop\SandCastle\NamingIdentifiers\Documentation\Help\Working\GenerateRefInfo.proj&quot; (default targets).

Build succeeded.

Time Elapsed 00:00:02.63
    Last step completed in 00:00:03.3012
</buildStep>
<buildStep step="TransformReflectionInfo">
Transforming reflection output...
[C:\Windows\Microsoft.NET\Framework64\v4.0.30319\MSBuild.exe]
Build started 05/07/2015 00:29:06.
Project &quot;C:\Users\’Ёв&#174;\Desktop\SandCastle\NamingIdentifiers\Documentation\Help\Working\TransformManifest.proj&quot; on node 1 (default targets).
TransformManifest:
  XslTransform (v2015.1.12.0)
  Copyright c 2006-2015, Microsoft Corporation, All Rights Reserved.
  Portions Copyright c 2006-2014, Eric Woodruff, All Rights Reserved.
  Applying XSL transformation &#39;C:\Program Files (x86)\EWSoftware\Sandcastle Help File Builder\\ProductionTransforms\ApplyVSDocModel.xsl&#39;.
  Copying file from &quot;reflection.xml&quot; to &quot;reflection.nofilenames&quot;.
  XslTransform (v2015.1.12.0)
  Copyright c 2006-2015, Microsoft Corporation, All Rights Reserved.
  Portions Copyright c 2006-2014, Eric Woodruff, All Rights Reserved.
  Applying XSL transformation &#39;c:\Program Files (x86)\EWSoftware\Sandcastle Help File Builder\ProductionTransforms\AddFilenames.xsl&#39;.
  XslTransform (v2015.1.12.0)
  Copyright c 2006-2015, Microsoft Corporation, All Rights Reserved.
  Portions Copyright c 2006-2014, Eric Woodruff, All Rights Reserved.
  Applying XSL transformation &#39;c:\Program Files (x86)\EWSoftware\Sandcastle Help File Builder\ProductionTransforms\ReflectionToManifest.xsl&#39;.
Done Building Project &quot;C:\Users\’Ёв&#174;\Desktop\SandCastle\NamingIdentifiers\Documentation\Help\Working\TransformManifest.proj&quot; (default targets).

Build succeeded.

Time Elapsed 00:00:01.87
    Last step completed in 00:00:02.5191
</buildStep>
<buildStep step="GenerateNamespaceSummaries">
Generating namespace summary information...
    Last step completed in 00:00:00.0540
</buildStep>
<buildStep step="CopyAdditionalContent">
Copying additional content files...
No additional content to copy
    Last step completed in 00:00:00.0120
</buildStep>
<buildStep step="MergeTablesOfContents">
Merging conceptual and additional tables of contents...
    Last step completed in 00:00:00.0020
</buildStep>
<buildStep step="GenerateIntermediateTableOfContents">
Generating intermediate table of contents file...
[C:\Windows\Microsoft.NET\Framework64\v4.0.30319\MSBuild.exe]
Build started 05/07/2015 00:29:08.
Project &quot;C:\Users\’Ёв&#174;\Desktop\SandCastle\NamingIdentifiers\Documentation\Help\Working\GenerateIntermediateTOC.proj&quot; on node 1 (default targets).
GenerateIntermediateTOC:
  XslTransform (v2015.1.12.0)
  Copyright c 2006-2015, Microsoft Corporation, All Rights Reserved.
  Portions Copyright c 2006-2014, Eric Woodruff, All Rights Reserved.
  Applying XSL transformation &#39;C:\Program Files (x86)\EWSoftware\Sandcastle Help File Builder\\ProductionTransforms\CreateVSToc.xsl&#39;.
Done Building Project &quot;C:\Users\’Ёв&#174;\Desktop\SandCastle\NamingIdentifiers\Documentation\Help\Working\GenerateIntermediateTOC.proj&quot; (default targets).

Build succeeded.

Time Elapsed 00:00:01.30
Generating conceptual content intermediate TOC file...
    Last step completed in 00:00:01.9211
</buildStep>
<buildStep step="CreateBuildAssemblerConfigs">
Creating Sandcastle configuration files...
    sandcastle.config
    Last step completed in 00:00:00.2130
</buildStep>
<buildStep step="MergeCustomConfigs">
Merging custom build component configurations
C:\Users\Тито\Desktop\SandCastle\NamingIdentifiers\Documentation\Help\Working\sandcastle.config
    Last step completed in 00:00:00.0250
</buildStep>
<buildStep step="BuildReferenceTopics">
Building reference help topics...
[C:\Windows\Microsoft.NET\Framework64\v4.0.30319\MSBuild.exe]
Build started 05/07/2015 00:29:10.
Project &quot;C:\Users\’Ёв&#174;\Desktop\SandCastle\NamingIdentifiers\Documentation\Help\Working\BuildReferenceTopics.proj&quot; on node 1 (default targets).
BuildReferenceTopics:
  BuildAssembler (v2015.1.12.0)
  Copyright c 2006-2015, Microsoft Corporation, All Rights Reserved.
  Portions Copyright c 2006-2014, Eric Woodruff, All Rights Reserved.
  Loading configuration...
  Processing topics...
BuildAssembler : warning : ShowMissingComponent: [N:DocumentationOfTheCode] Missing &lt;summary&gt; documentation [C:\Users\’Ёв&#174;\Desktop\SandCastle\NamingIdentifiers\Documentation\Help\Working\BuildReferenceTopics.proj]
  Processed 22 topic(s)
  1 warning(s)
  CopyFromIndexComponent: &quot;reflection&quot; in-memory cache entries used: 2 of 15.
  CopyFromIndexComponent: &quot;comments&quot; in-memory cache entries used: 1 of 30.
  ResolveReferenceLinksComponent: New MSDN content ID cache size: 15 entries
Done Building Project &quot;C:\Users\’Ёв&#174;\Desktop\SandCastle\NamingIdentifiers\Documentation\Help\Working\BuildReferenceTopics.proj&quot; (default targets).

Build succeeded.

Time Elapsed 00:00:16.08
    Last step completed in 00:00:16.7070
</buildStep>
<buildStep step="CombiningIntermediateTocFiles">
Combining conceptual and API intermediate TOC files...
    Last step completed in 00:00:00.0050
</buildStep>
<buildStep step="CopyStandardHelpContent">
Copying standard help content...
c:\Program Files (x86)\EWSoftware\Sandcastle Help File Builder\PresentationStyles\OpenXML\DocumentParts\[Content_Types].xml -&gt; C:\Users\Тито\Desktop\SandCastle\NamingIdentifiers\Documentation\Help\Working\Output\OpenXml\[Content_Types].xml
c:\Program Files (x86)\EWSoftware\Sandcastle Help File Builder\PresentationStyles\OpenXML\DocumentParts\docProps\app.xml -&gt; C:\Users\Тито\Desktop\SandCastle\NamingIdentifiers\Documentation\Help\Working\Output\OpenXml\docProps\app.xml
c:\Program Files (x86)\EWSoftware\Sandcastle Help File Builder\PresentationStyles\OpenXML\DocumentParts\docProps\core.xml -&gt; C:\Users\Тито\Desktop\SandCastle\NamingIdentifiers\Documentation\Help\Working\Output\OpenXml\docProps\core.xml
c:\Program Files (x86)\EWSoftware\Sandcastle Help File Builder\PresentationStyles\OpenXML\DocumentParts\docProps\custom.xml -&gt; C:\Users\Тито\Desktop\SandCastle\NamingIdentifiers\Documentation\Help\Working\Output\OpenXml\docProps\custom.xml
c:\Program Files (x86)\EWSoftware\Sandcastle Help File Builder\PresentationStyles\OpenXML\DocumentParts\media\alert_caution.gif -&gt; C:\Users\Тито\Desktop\SandCastle\NamingIdentifiers\Documentation\Help\Working\Output\OpenXml\media\alert_caution.gif
c:\Program Files (x86)\EWSoftware\Sandcastle Help File Builder\PresentationStyles\OpenXML\DocumentParts\media\alert_note.gif -&gt; C:\Users\Тито\Desktop\SandCastle\NamingIdentifiers\Documentation\Help\Working\Output\OpenXml\media\alert_note.gif
c:\Program Files (x86)\EWSoftware\Sandcastle Help File Builder\PresentationStyles\OpenXML\DocumentParts\media\alert_security.gif -&gt; C:\Users\Тито\Desktop\SandCastle\NamingIdentifiers\Documentation\Help\Working\Output\OpenXml\media\alert_security.gif
c:\Program Files (x86)\EWSoftware\Sandcastle Help File Builder\PresentationStyles\OpenXML\DocumentParts\media\CFW.gif -&gt; C:\Users\Тито\Desktop\SandCastle\NamingIdentifiers\Documentation\Help\Working\Output\OpenXml\media\CFW.gif
c:\Program Files (x86)\EWSoftware\Sandcastle Help File Builder\PresentationStyles\OpenXML\DocumentParts\media\privclass.gif -&gt; C:\Users\Тито\Desktop\SandCastle\NamingIdentifiers\Documentation\Help\Working\Output\OpenXml\media\privclass.gif
c:\Program Files (x86)\EWSoftware\Sandcastle Help File Builder\PresentationStyles\OpenXML\DocumentParts\media\privdelegate.gif -&gt; C:\Users\Тито\Desktop\SandCastle\NamingIdentifiers\Documentation\Help\Working\Output\OpenXml\media\privdelegate.gif
c:\Program Files (x86)\EWSoftware\Sandcastle Help File Builder\PresentationStyles\OpenXML\DocumentParts\media\privenumeration.gif -&gt; C:\Users\Тито\Desktop\SandCastle\NamingIdentifiers\Documentation\Help\Working\Output\OpenXml\media\privenumeration.gif
c:\Program Files (x86)\EWSoftware\Sandcastle Help File Builder\PresentationStyles\OpenXML\DocumentParts\media\privevent.gif -&gt; C:\Users\Тито\Desktop\SandCastle\NamingIdentifiers\Documentation\Help\Working\Output\OpenXml\media\privevent.gif
c:\Program Files (x86)\EWSoftware\Sandcastle Help File Builder\PresentationStyles\OpenXML\DocumentParts\media\privextension.gif -&gt; C:\Users\Тито\Desktop\SandCastle\NamingIdentifiers\Documentation\Help\Working\Output\OpenXml\media\privextension.gif
c:\Program Files (x86)\EWSoftware\Sandcastle Help File Builder\PresentationStyles\OpenXML\DocumentParts\media\privfield.gif -&gt; C:\Users\Тито\Desktop\SandCastle\NamingIdentifiers\Documentation\Help\Working\Output\OpenXml\media\privfield.gif
c:\Program Files (x86)\EWSoftware\Sandcastle Help File Builder\PresentationStyles\OpenXML\DocumentParts\media\privinterface.gif -&gt; C:\Users\Тито\Desktop\SandCastle\NamingIdentifiers\Documentation\Help\Working\Output\OpenXml\media\privinterface.gif
c:\Program Files (x86)\EWSoftware\Sandcastle Help File Builder\PresentationStyles\OpenXML\DocumentParts\media\privmethod.gif -&gt; C:\Users\Тито\Desktop\SandCastle\NamingIdentifiers\Documentation\Help\Working\Output\OpenXml\media\privmethod.gif
c:\Program Files (x86)\EWSoftware\Sandcastle Help File Builder\PresentationStyles\OpenXML\DocumentParts\media\privproperty.gif -&gt; C:\Users\Тито\Desktop\SandCastle\NamingIdentifiers\Documentation\Help\Working\Output\OpenXml\media\privproperty.gif
c:\Program Files (x86)\EWSoftware\Sandcastle Help File Builder\PresentationStyles\OpenXML\DocumentParts\media\privstructure.gif -&gt; C:\Users\Тито\Desktop\SandCastle\NamingIdentifiers\Documentation\Help\Working\Output\OpenXml\media\privstructure.gif
c:\Program Files (x86)\EWSoftware\Sandcastle Help File Builder\PresentationStyles\OpenXML\DocumentParts\media\protclass.gif -&gt; C:\Users\Тито\Desktop\SandCastle\NamingIdentifiers\Documentation\Help\Working\Output\OpenXml\media\protclass.gif
c:\Program Files (x86)\EWSoftware\Sandcastle Help File Builder\PresentationStyles\OpenXML\DocumentParts\media\protdelegate.gif -&gt; C:\Users\Тито\Desktop\SandCastle\NamingIdentifiers\Documentation\Help\Working\Output\OpenXml\media\protdelegate.gif
c:\Program Files (x86)\EWSoftware\Sandcastle Help File Builder\PresentationStyles\OpenXML\DocumentParts\media\protenumeration.gif -&gt; C:\Users\Тито\Desktop\SandCastle\NamingIdentifiers\Documentation\Help\Working\Output\OpenXml\media\protenumeration.gif
c:\Program Files (x86)\EWSoftware\Sandcastle Help File Builder\PresentationStyles\OpenXML\DocumentParts\media\protevent.gif -&gt; C:\Users\Тито\Desktop\SandCastle\NamingIdentifiers\Documentation\Help\Working\Output\OpenXml\media\protevent.gif
c:\Program Files (x86)\EWSoftware\Sandcastle Help File Builder\PresentationStyles\OpenXML\DocumentParts\media\protextension.gif -&gt; C:\Users\Тито\Desktop\SandCastle\NamingIdentifiers\Documentation\Help\Working\Output\OpenXml\media\protextension.gif
c:\Program Files (x86)\EWSoftware\Sandcastle Help File Builder\PresentationStyles\OpenXML\DocumentParts\media\protfield.gif -&gt; C:\Users\Тито\Desktop\SandCastle\NamingIdentifiers\Documentation\Help\Working\Output\OpenXml\media\protfield.gif
c:\Program Files (x86)\EWSoftware\Sandcastle Help File Builder\PresentationStyles\OpenXML\DocumentParts\media\protinterface.gif -&gt; C:\Users\Тито\Desktop\SandCastle\NamingIdentifiers\Documentation\Help\Working\Output\OpenXml\media\protinterface.gif
c:\Program Files (x86)\EWSoftware\Sandcastle Help File Builder\PresentationStyles\OpenXML\DocumentParts\media\protmethod.gif -&gt; C:\Users\Тито\Desktop\SandCastle\NamingIdentifiers\Documentation\Help\Working\Output\OpenXml\media\protmethod.gif
c:\Program Files (x86)\EWSoftware\Sandcastle Help File Builder\PresentationStyles\OpenXML\DocumentParts\media\protoperator.gif -&gt; C:\Users\Тито\Desktop\SandCastle\NamingIdentifiers\Documentation\Help\Working\Output\OpenXml\media\protoperator.gif
c:\Program Files (x86)\EWSoftware\Sandcastle Help File Builder\PresentationStyles\OpenXML\DocumentParts\media\protproperty.gif -&gt; C:\Users\Тито\Desktop\SandCastle\NamingIdentifiers\Documentation\Help\Working\Output\OpenXml\media\protproperty.gif
c:\Program Files (x86)\EWSoftware\Sandcastle Help File Builder\PresentationStyles\OpenXML\DocumentParts\media\protstructure.gif -&gt; C:\Users\Тито\Desktop\SandCastle\NamingIdentifiers\Documentation\Help\Working\Output\OpenXml\media\protstructure.gif
c:\Program Files (x86)\EWSoftware\Sandcastle Help File Builder\PresentationStyles\OpenXML\DocumentParts\media\pubclass.gif -&gt; C:\Users\Тито\Desktop\SandCastle\NamingIdentifiers\Documentation\Help\Working\Output\OpenXml\media\pubclass.gif
c:\Program Files (x86)\EWSoftware\Sandcastle Help File Builder\PresentationStyles\OpenXML\DocumentParts\media\pubdelegate.gif -&gt; C:\Users\Тито\Desktop\SandCastle\NamingIdentifiers\Documentation\Help\Working\Output\OpenXml\media\pubdelegate.gif
c:\Program Files (x86)\EWSoftware\Sandcastle Help File Builder\PresentationStyles\OpenXML\DocumentParts\media\pubenumeration.gif -&gt; C:\Users\Тито\Desktop\SandCastle\NamingIdentifiers\Documentation\Help\Working\Output\OpenXml\media\pubenumeration.gif
c:\Program Files (x86)\EWSoftware\Sandcastle Help File Builder\PresentationStyles\OpenXML\DocumentParts\media\pubevent.gif -&gt; C:\Users\Тито\Desktop\SandCastle\NamingIdentifiers\Documentation\Help\Working\Output\OpenXml\media\pubevent.gif
c:\Program Files (x86)\EWSoftware\Sandcastle Help File Builder\PresentationStyles\OpenXML\DocumentParts\media\pubextension.gif -&gt; C:\Users\Тито\Desktop\SandCastle\NamingIdentifiers\Documentation\Help\Working\Output\OpenXml\media\pubextension.gif
c:\Program Files (x86)\EWSoftware\Sandcastle Help File Builder\PresentationStyles\OpenXML\DocumentParts\media\pubfield.gif -&gt; C:\Users\Тито\Desktop\SandCastle\NamingIdentifiers\Documentation\Help\Working\Output\OpenXml\media\pubfield.gif
c:\Program Files (x86)\EWSoftware\Sandcastle Help File Builder\PresentationStyles\OpenXML\DocumentParts\media\pubinterface.gif -&gt; C:\Users\Тито\Desktop\SandCastle\NamingIdentifiers\Documentation\Help\Working\Output\OpenXml\media\pubinterface.gif
c:\Program Files (x86)\EWSoftware\Sandcastle Help File Builder\PresentationStyles\OpenXML\DocumentParts\media\pubmethod.gif -&gt; C:\Users\Тито\Desktop\SandCastle\NamingIdentifiers\Documentation\Help\Working\Output\OpenXml\media\pubmethod.gif
c:\Program Files (x86)\EWSoftware\Sandcastle Help File Builder\PresentationStyles\OpenXML\DocumentParts\media\puboperator.gif -&gt; C:\Users\Тито\Desktop\SandCastle\NamingIdentifiers\Documentation\Help\Working\Output\OpenXml\media\puboperator.gif
c:\Program Files (x86)\EWSoftware\Sandcastle Help File Builder\PresentationStyles\OpenXML\DocumentParts\media\pubproperty.gif -&gt; C:\Users\Тито\Desktop\SandCastle\NamingIdentifiers\Documentation\Help\Working\Output\OpenXml\media\pubproperty.gif
c:\Program Files (x86)\EWSoftware\Sandcastle Help File Builder\PresentationStyles\OpenXML\DocumentParts\media\pubstructure.gif -&gt; C:\Users\Тито\Desktop\SandCastle\NamingIdentifiers\Documentation\Help\Working\Output\OpenXml\media\pubstructure.gif
c:\Program Files (x86)\EWSoftware\Sandcastle Help File Builder\PresentationStyles\OpenXML\DocumentParts\media\slMobile.gif -&gt; C:\Users\Тито\Desktop\SandCastle\NamingIdentifiers\Documentation\Help\Working\Output\OpenXml\media\slMobile.gif
c:\Program Files (x86)\EWSoftware\Sandcastle Help File Builder\PresentationStyles\OpenXML\DocumentParts\media\static.gif -&gt; C:\Users\Тито\Desktop\SandCastle\NamingIdentifiers\Documentation\Help\Working\Output\OpenXml\media\static.gif
c:\Program Files (x86)\EWSoftware\Sandcastle Help File Builder\PresentationStyles\OpenXML\DocumentParts\media\xna.gif -&gt; C:\Users\Тито\Desktop\SandCastle\NamingIdentifiers\Documentation\Help\Working\Output\OpenXml\media\xna.gif
c:\Program Files (x86)\EWSoftware\Sandcastle Help File Builder\PresentationStyles\OpenXML\DocumentParts\word\document.xml -&gt; C:\Users\Тито\Desktop\SandCastle\NamingIdentifiers\Documentation\Help\Working\Output\OpenXml\word\document.xml
c:\Program Files (x86)\EWSoftware\Sandcastle Help File Builder\PresentationStyles\OpenXML\DocumentParts\word\fontTable.xml -&gt; C:\Users\Тито\Desktop\SandCastle\NamingIdentifiers\Documentation\Help\Working\Output\OpenXml\word\fontTable.xml
c:\Program Files (x86)\EWSoftware\Sandcastle Help File Builder\PresentationStyles\OpenXML\DocumentParts\word\footer1.xml -&gt; C:\Users\Тито\Desktop\SandCastle\NamingIdentifiers\Documentation\Help\Working\Output\OpenXml\word\footer1.xml
c:\Program Files (x86)\EWSoftware\Sandcastle Help File Builder\PresentationStyles\OpenXML\DocumentParts\word\header1.xml -&gt; C:\Users\Тито\Desktop\SandCastle\NamingIdentifiers\Documentation\Help\Working\Output\OpenXml\word\header1.xml
c:\Program Files (x86)\EWSoftware\Sandcastle Help File Builder\PresentationStyles\OpenXML\DocumentParts\word\numbering.xml -&gt; C:\Users\Тито\Desktop\SandCastle\NamingIdentifiers\Documentation\Help\Working\Output\OpenXml\word\numbering.xml
c:\Program Files (x86)\EWSoftware\Sandcastle Help File Builder\PresentationStyles\OpenXML\DocumentParts\word\settings.xml -&gt; C:\Users\Тито\Desktop\SandCastle\NamingIdentifiers\Documentation\Help\Working\Output\OpenXml\word\settings.xml
c:\Program Files (x86)\EWSoftware\Sandcastle Help File Builder\PresentationStyles\OpenXML\DocumentParts\word\styles.xml -&gt; C:\Users\Тито\Desktop\SandCastle\NamingIdentifiers\Documentation\Help\Working\Output\OpenXml\word\styles.xml
c:\Program Files (x86)\EWSoftware\Sandcastle Help File Builder\PresentationStyles\OpenXML\DocumentParts\word\webSettings.xml -&gt; C:\Users\Тито\Desktop\SandCastle\NamingIdentifiers\Documentation\Help\Working\Output\OpenXml\word\webSettings.xml
c:\Program Files (x86)\EWSoftware\Sandcastle Help File Builder\PresentationStyles\OpenXML\DocumentParts\word\theme\theme1.xml -&gt; C:\Users\Тито\Desktop\SandCastle\NamingIdentifiers\Documentation\Help\Working\Output\OpenXml\word\theme\theme1.xml
c:\Program Files (x86)\EWSoftware\Sandcastle Help File Builder\PresentationStyles\OpenXML\DocumentParts\word\_rels\document.xml.rels -&gt; C:\Users\Тито\Desktop\SandCastle\NamingIdentifiers\Documentation\Help\Working\Output\OpenXml\word\_rels\document.xml.rels
c:\Program Files (x86)\EWSoftware\Sandcastle Help File Builder\PresentationStyles\OpenXML\DocumentParts\_rels\.rels -&gt; C:\Users\Тито\Desktop\SandCastle\NamingIdentifiers\Documentation\Help\Working\Output\OpenXml\_rels\.rels
    Last step completed in 00:00:00.2470
</buildStep>
<buildStep step="GenerateHelpFormatTableOfContents">
Executing informational Generate Table of Contents build step for plug-ins (not used for Open XML)
    Last step completed in 00:00:00.0010
</buildStep>
<buildStep step="GenerateHelpProject">
Executing informational Generate Help Project build step for plug-ins (not used for Open XML)
    Last step completed in 00:00:00.0010
</buildStep>
<buildStep step="CompilingHelpFile">
Generating Open XML document file...
[C:\Windows\Microsoft.NET\Framework64\v4.0.30319\MSBuild.exe]
  Finished merging 22 topics
  10 external hyperlink relationship(s) defined
  3 image relationship(s) defined
  0 list numbering style override(s) defined
  Saving C:\Users\’Ёв&#174;\Desktop\SandCastle\NamingIdentifiers\Documentation\Help\Documentation.docx...
  Finished saving C:\Users\’Ёв&#174;\Desktop\SandCastle\NamingIdentifiers\Documentation\Help\Documentation.docx
  Compressed 18 files.  Reduced size by 329,086 bytes (94%).
    Last step completed in 00:00:02.1661
</buildStep>
<buildStep step="CleanIntermediates">
Removing intermediate files...
    Last step completed in 00:00:00.0270
</buildStep>
<buildStep step="Completed">

Build completed successfully at 05/07/2015 00:29:29.  Total time: 00:00:27.9986

</buildStep>
</shfbBuild>
